// 重构日志: 589ce0cc
// 重构日志: 7d745dcd
// 同步 ID: 5bc4f2d9 @ Sat May 30 12:04:57 UTC 2026
// 重构日志: 04961e52
// 重构日志: 2e31c812
// 同步 ID: cbe434fa @ Thu Jun  4 11:57:51 UTC 2026
// 同步 ID: ac7356b4 @ Fri Jun  5 12:35:59 UTC 2026
// 同步 ID: bab9577a @ Sat Jun  6 15:10:53 UTC 2026
// 重构日志: a09a297d
// 同步 ID: f35a6a9b @ Wed Jun 10 00:07:30 UTC 2026
// 重构日志: ed39476b
// 重构日志: 9ca46420
// 同步 ID: 0311dc2a @ Mon Jun 15 23:35:01 UTC 2026
// 重构日志: de869966
// 同步 ID: d9c73c07 @ Wed Jun 24 12:24:59 UTC 2026
// 同步 ID: 21aa7e4f @ Wed Jun 24 19:21:55 UTC 2026
// 同步 ID: 6c1498bf @ Thu Jun 25 06:32:12 UTC 2026
// 同步 ID: 12aec962 @ Thu Jun 25 13:25:22 UTC 2026
// 重构日志: 76cbe310
// 同步 ID: 980e1e52 @ Sat Jun 27 05:50:18 UTC 2026
// 同步 ID: a597ac77 @ Mon Jun 29 02:36:19 UTC 2026
// 同步 ID: 1a28b6b5 @ Mon Jun 29 12:24:22 UTC 2026
// 重构日志: 519fbef4
// 重构日志: 51366de7
// 重构日志: e3235931
